C:\USERS\EVILGUY\DROPBOX\GMIT\YEAR2\SEM2\ADVANCED_C\CONTACTMANAGEMENTSYSTEM\CONTACTMANAGEMENTSYSTEM\DEBUG\ABOUT.OBJ
C:\Users\Evilguy\Dropbox\GMIT\YEAR2\SEM2\Advanced_c\ContactManagementSystem\ContactManagementSystem\Debug\cl.command.1.tlog
C:\Users\Evilguy\Dropbox\GMIT\YEAR2\SEM2\Advanced_c\ContactManagementSystem\ContactManagementSystem\Debug\CL.read.1.tlog
C:\Users\Evilguy\Dropbox\GMIT\YEAR2\SEM2\Advanced_c\ContactManagementSystem\ContactManagementSystem\Debug\CL.write.1.tlog
C:\USERS\EVILGUY\DROPBOX\GMIT\YEAR2\SEM2\ADVANCED_C\CONTACTMANAGEMENTSYSTEM\CONTACTMANAGEMENTSYSTEM\DEBUG\CONTACTMANAGEMENTSYSTEM.EXE.INTERMEDIATE.MANIFEST
C:\USERS\EVILGUY\DROPBOX\GMIT\YEAR2\SEM2\ADVANCED_C\CONTACTMANAGEMENTSYSTEM\CONTACTMANAGEMENTSYSTEM\DEBUG\CONTACTS.OBJ
C:\USERS\EVILGUY\DROPBOX\GMIT\YEAR2\SEM2\ADVANCED_C\CONTACTMANAGEMENTSYSTEM\CONTACTMANAGEMENTSYSTEM\DEBUG\GLOBAL.OBJ
C:\Users\Evilguy\Dropbox\GMIT\YEAR2\SEM2\Advanced_c\ContactManagementSystem\ContactManagementSystem\Debug\link.command.1.tlog
C:\Users\Evilguy\Dropbox\GMIT\YEAR2\SEM2\Advanced_c\ContactManagementSystem\ContactManagementSystem\Debug\link.read.1.tlog
C:\Users\Evilguy\Dropbox\GMIT\YEAR2\SEM2\Advanced_c\ContactManagementSystem\ContactManagementSystem\Debug\link.write.1.tlog
C:\USERS\EVILGUY\DROPBOX\GMIT\YEAR2\SEM2\ADVANCED_C\CONTACTMANAGEMENTSYSTEM\CONTACTMANAGEMENTSYSTEM\DEBUG\MENU.OBJ
C:\USERS\EVILGUY\DROPBOX\GMIT\YEAR2\SEM2\ADVANCED_C\CONTACTMANAGEMENTSYSTEM\CONTACTMANAGEMENTSYSTEM\DEBUG\MENUEDIT.OBJ
C:\USERS\EVILGUY\DROPBOX\GMIT\YEAR2\SEM2\ADVANCED_C\CONTACTMANAGEMENTSYSTEM\CONTACTMANAGEMENTSYSTEM\DEBUG\MENUFILE.OBJ
C:\USERS\EVILGUY\DROPBOX\GMIT\YEAR2\SEM2\ADVANCED_C\CONTACTMANAGEMENTSYSTEM\CONTACTMANAGEMENTSYSTEM\DEBUG\MENUVIEW.OBJ
C:\USERS\EVILGUY\DROPBOX\GMIT\YEAR2\SEM2\ADVANCED_C\CONTACTMANAGEMENTSYSTEM\CONTACTMANAGEMENTSYSTEM\DEBUG\MENUVIEWSEARCH.OBJ
C:\USERS\EVILGUY\DROPBOX\GMIT\YEAR2\SEM2\ADVANCED_C\CONTACTMANAGEMENTSYSTEM\CONTACTMANAGEMENTSYSTEM\DEBUG\MENUVIEWSORT.OBJ
C:\Users\Evilguy\Dropbox\GMIT\YEAR2\SEM2\Advanced_c\ContactManagementSystem\ContactManagementSystem\Debug\mt.command.1.tlog
C:\Users\Evilguy\Dropbox\GMIT\YEAR2\SEM2\Advanced_c\ContactManagementSystem\ContactManagementSystem\Debug\mt.read.1.tlog
C:\Users\Evilguy\Dropbox\GMIT\YEAR2\SEM2\Advanced_c\ContactManagementSystem\ContactManagementSystem\Debug\mt.write.1.tlog
C:\USERS\EVILGUY\DROPBOX\GMIT\YEAR2\SEM2\ADVANCED_C\CONTACTMANAGEMENTSYSTEM\CONTACTMANAGEMENTSYSTEM\DEBUG\PRINTSTRING.OBJ
C:\USERS\EVILGUY\DROPBOX\GMIT\YEAR2\SEM2\ADVANCED_C\CONTACTMANAGEMENTSYSTEM\CONTACTMANAGEMENTSYSTEM\DEBUG\RUNME.OBJ
C:\USERS\EVILGUY\DROPBOX\GMIT\YEAR2\SEM2\ADVANCED_C\CONTACTMANAGEMENTSYSTEM\CONTACTMANAGEMENTSYSTEM\DEBUG\SUBMENU.OBJ
C:\USERS\EVILGUY\DROPBOX\GMIT\YEAR2\SEM2\ADVANCED_C\CONTACTMANAGEMENTSYSTEM\CONTACTMANAGEMENTSYSTEM\DEBUG\SUBSUBMENU.OBJ
C:\Users\Evilguy\Dropbox\GMIT\YEAR2\SEM2\Advanced_c\ContactManagementSystem\ContactManagementSystem\Debug\vc100.idb
C:\USERS\EVILGUY\DROPBOX\GMIT\YEAR2\SEM2\ADVANCED_C\CONTACTMANAGEMENTSYSTEM\CONTACTMANAGEMENTSYSTEM\DEBUG\VC100.PDB
C:\USERS\EVILGUY\DROPBOX\GMIT\YEAR2\SEM2\ADVANCED_C\CONTACTMANAGEMENTSYSTEM\DEBUG\CONTACTMANAGEMENTSYSTEM.EXE
C:\USERS\EVILGUY\DROPBOX\GMIT\YEAR2\SEM2\ADVANCED_C\CONTACTMANAGEMENTSYSTEM\DEBUG\CONTACTMANAGEMENTSYSTEM.ILK
C:\USERS\EVILGUY\DROPBOX\GMIT\YEAR2\SEM2\ADVANCED_C\CONTACTMANAGEMENTSYSTEM\DEBUG\CONTACTMANAGEMENTSYSTEM.PDB
